<?xml version="1.0" encoding="UTF-8"?>
<testsuite xmlns:xsi="http://www.w3.org/2001/XMLSchema-instance" xsi:noNamespaceSchemaLocation="https://maven.apache.org/surefire/maven-surefire-plugin/xsd/surefire-test-report.xsd" name="sap.corp.emea.OWLAPI_test.AppTest" time="0.083" tests="1" errors="0" skipped="0" failures="0">
  <properties>
    <property name="sun.desktop" value="windows"/>
    <property name="awt.toolkit" value="sun.awt.windows.WToolkit"/>
    <property name="file.encoding.pkg" value="sun.io"/>
    <property name="java.specification.version" value="1.8"/>
    <property name="sun.cpu.isalist" value="amd64"/>
    <property name="sun.jnu.encoding" value="Cp1252"/>
    <property name="java.class.path" value="C:\Users\D065085\workspace\AutoOntologyGen\target\test-classes;C:\Users\D065085\workspace\AutoOntologyGen\target\classes;C:\Users\D065085\.m2\repository\junit\junit\4.11\junit-4.11.jar;C:\Users\D065085\.m2\repository\org\hamcrest\hamcrest-core\1.3\hamcrest-core-1.3.jar;C:\Users\D065085\.m2\repository\net\sourceforge\owlapi\owlapi-distribution\5.1.0\owlapi-distribution-5.1.0.jar;C:\Users\D065085\.m2\repository\net\sourceforge\owlapi\owlapi-compatibility\5.1.0\owlapi-compatibility-5.1.0.jar;C:\Users\D065085\.m2\repository\net\sourceforge\owlapi\owlapi-apibinding\5.1.0\owlapi-apibinding-5.1.0.jar;C:\Users\D065085\.m2\repository\net\sourceforge\owlapi\owlapi-api\5.1.0\owlapi-api-5.1.0.jar;C:\Users\D065085\.m2\repository\net\sourceforge\owlapi\owlapi-impl\5.1.0\owlapi-impl-5.1.0.jar;C:\Users\D065085\.m2\repository\net\sourceforge\owlapi\owlapi-parsers\5.1.0\owlapi-parsers-5.1.0.jar;C:\Users\D065085\.m2\repository\net\sourceforge\owlapi\owlapi-oboformat\5.1.0\owlapi-oboformat-5.1.0.jar;C:\Users\D065085\.m2\repository\net\sourceforge\owlapi\owlapi-tools\5.1.0\owlapi-tools-5.1.0.jar;C:\Users\D065085\.m2\repository\net\sourceforge\owlapi\owlapi-rio\5.1.0\owlapi-rio-5.1.0.jar;C:\Users\D065085\.m2\repository\com\fasterxml\jackson\core\jackson-core\2.8.5\jackson-core-2.8.5.jar;C:\Users\D065085\.m2\repository\com\fasterxml\jackson\core\jackson-databind\2.8.5\jackson-databind-2.8.5.jar;C:\Users\D065085\.m2\repository\com\fasterxml\jackson\core\jackson-annotations\2.8.5\jackson-annotations-2.8.5.jar;C:\Users\D065085\.m2\repository\org\apache\commons\commons-rdf-api\0.3.0-incubating\commons-rdf-api-0.3.0-incubating.jar;C:\Users\D065085\.m2\repository\org\tukaani\xz\1.6\xz-1.6.jar;C:\Users\D065085\.m2\repository\org\slf4j\slf4j-api\1.7.22\slf4j-api-1.7.22.jar;C:\Users\D065085\.m2\repository\org\slf4j\jcl-over-slf4j\1.7.22\jcl-over-slf4j-1.7.22.jar;C:\Users\D065085\.m2\repository\org\eclipse\rdf4j\rdf4j-model\2.1.4\rdf4j-model-2.1.4.jar;C:\Users\D065085\.m2\repository\org\eclipse\rdf4j\rdf4j-rio-api\2.1.4\rdf4j-rio-api-2.1.4.jar;C:\Users\D065085\.m2\repository\org\eclipse\rdf4j\rdf4j-rio-languages\2.1.4\rdf4j-rio-languages-2.1.4.jar;C:\Users\D065085\.m2\repository\org\eclipse\rdf4j\rdf4j-rio-datatypes\2.1.4\rdf4j-rio-datatypes-2.1.4.jar;C:\Users\D065085\.m2\repository\org\eclipse\rdf4j\rdf4j-rio-binary\2.1.4\rdf4j-rio-binary-2.1.4.jar;C:\Users\D065085\.m2\repository\org\eclipse\rdf4j\rdf4j-rio-n3\2.1.4\rdf4j-rio-n3-2.1.4.jar;C:\Users\D065085\.m2\repository\org\eclipse\rdf4j\rdf4j-rio-nquads\2.1.4\rdf4j-rio-nquads-2.1.4.jar;C:\Users\D065085\.m2\repository\org\eclipse\rdf4j\rdf4j-rio-ntriples\2.1.4\rdf4j-rio-ntriples-2.1.4.jar;C:\Users\D065085\.m2\repository\org\eclipse\rdf4j\rdf4j-rio-rdfjson\2.1.4\rdf4j-rio-rdfjson-2.1.4.jar;C:\Users\D065085\.m2\repository\org\eclipse\rdf4j\rdf4j-rio-jsonld\2.1.4\rdf4j-rio-jsonld-2.1.4.jar;C:\Users\D065085\.m2\repository\org\eclipse\rdf4j\rdf4j-rio-rdfxml\2.1.4\rdf4j-rio-rdfxml-2.1.4.jar;C:\Users\D065085\.m2\repository\org\eclipse\rdf4j\rdf4j-rio-trix\2.1.4\rdf4j-rio-trix-2.1.4.jar;C:\Users\D065085\.m2\repository\org\eclipse\rdf4j\rdf4j-rio-turtle\2.1.4\rdf4j-rio-turtle-2.1.4.jar;C:\Users\D065085\.m2\repository\org\eclipse\rdf4j\rdf4j-rio-trig\2.1.4\rdf4j-rio-trig-2.1.4.jar;C:\Users\D065085\.m2\repository\org\eclipse\rdf4j\rdf4j-util\2.1.4\rdf4j-util-2.1.4.jar;C:\Users\D065085\.m2\repository\com\github\jsonld-java\jsonld-java\0.9.0\jsonld-java-0.9.0.jar;C:\Users\D065085\.m2\repository\org\apache\httpcomponents\httpclient-osgi\4.5.2\httpclient-osgi-4.5.2.jar;C:\Users\D065085\.m2\repository\org\apache\httpcomponents\httpmime\4.5.2\httpmime-4.5.2.jar;C:\Users\D065085\.m2\repository\org\apache\httpcomponents\httpclient-cache\4.5.2\httpclient-cache-4.5.2.jar;C:\Users\D065085\.m2\repository\org\apache\httpcomponents\fluent-hc\4.5.2\fluent-hc-4.5.2.jar;C:\Users\D065085\.m2\repository\org\apache\httpcomponents\httpcore-osgi\4.4.4\httpcore-osgi-4.4.4.jar;C:\Users\D065085\.m2\repository\org\apache\httpcomponents\httpcore\4.4.4\httpcore-4.4.4.jar;C:\Users\D065085\.m2\repository\org\apache\httpcomponents\httpcore-nio\4.4.4\httpcore-nio-4.4.4.jar;C:\Users\D065085\.m2\repository\net\sf\trove4j\trove4j\3.0.3\trove4j-3.0.3.jar;C:\Users\D065085\.m2\repository\com\github\ben-manes\caffeine\caffeine\2.3.5\caffeine-2.3.5.jar;C:\Users\D065085\.m2\repository\com\google\guava\guava\20.0\guava-20.0.jar;C:\Users\D065085\.m2\repository\com\google\inject\guice\4.1.0\guice-4.1.0.jar;C:\Users\D065085\.m2\repository\javax\inject\javax.inject\1\javax.inject-1.jar;C:\Users\D065085\.m2\repository\aopalliance\aopalliance\1.0\aopalliance-1.0.jar;C:\Users\D065085\.m2\repository\com\google\inject\extensions\guice-assistedinject\4.1.0\guice-assistedinject-4.1.0.jar;C:\Users\D065085\.m2\repository\com\google\inject\extensions\guice-multibindings\4.1.0\guice-multibindings-4.1.0.jar;C:\Users\D065085\.m2\repository\com\google\code\findbugs\jsr305\3.0.1\jsr305-3.0.1.jar;C:\Users\D065085\.m2\repository\commons-io\commons-io\2.5\commons-io-2.5.jar;C:\Users\D065085\.m2\repository\sap\corp\global\ResComInfModel\0.0.1-SNAPSHOT\ResComInfModel-0.0.1-SNAPSHOT.jar;C:\Users\D065085\.m2\repository\com\googlecode\json-simple\json-simple\1.1.1\json-simple-1.1.1.jar;C:\Users\D065085\.m2\repository\com\microsoft\sqlserver\mssql-jdbc\6.1.0.jre8\mssql-jdbc-6.1.0.jre8.jar;C:\Users\D065085\.m2\repository\com\microsoft\azure\azure-keyvault\0.9.3\azure-keyvault-0.9.3.jar;C:\Users\D065085\.m2\repository\com\microsoft\azure\azure-core\0.9.3\azure-core-0.9.3.jar;C:\Users\D065085\.m2\repository\commons-codec\commons-codec\1.10\commons-codec-1.10.jar;C:\Users\D065085\.m2\repository\commons-lang\commons-lang\2.6\commons-lang-2.6.jar;C:\Users\D065085\.m2\repository\javax\mail\mail\1.4.5\mail-1.4.5.jar;C:\Users\D065085\.m2\repository\javax\activation\activation\1.1\activation-1.1.jar;C:\Users\D065085\.m2\repository\com\sun\jersey\jersey-client\1.13\jersey-client-1.13.jar;C:\Users\D065085\.m2\repository\com\sun\jersey\jersey-core\1.13\jersey-core-1.13.jar;C:\Users\D065085\.m2\repository\com\sun\jersey\jersey-json\1.13\jersey-json-1.13.jar;C:\Users\D065085\.m2\repository\org\codehaus\jettison\jettison\1.1\jettison-1.1.jar;C:\Users\D065085\.m2\repository\stax\stax-api\1.0.1\stax-api-1.0.1.jar;C:\Users\D065085\.m2\repository\com\sun\xml\bind\jaxb-impl\2.2.3-1\jaxb-impl-2.2.3-1.jar;C:\Users\D065085\.m2\repository\javax\xml\bind\jaxb-api\2.2.2\jaxb-api-2.2.2.jar;C:\Users\D065085\.m2\repository\javax\xml\stream\stax-api\1.0-2\stax-api-1.0-2.jar;C:\Users\D065085\.m2\repository\org\codehaus\jackson\jackson-core-asl\1.9.2\jackson-core-asl-1.9.2.jar;C:\Users\D065085\.m2\repository\org\codehaus\jackson\jackson-mapper-asl\1.9.2\jackson-mapper-asl-1.9.2.jar;C:\Users\D065085\.m2\repository\org\codehaus\jackson\jackson-jaxrs\1.9.2\jackson-jaxrs-1.9.2.jar;C:\Users\D065085\.m2\repository\org\codehaus\jackson\jackson-xc\1.9.2\jackson-xc-1.9.2.jar;C:\Users\D065085\.m2\repository\org\apache\httpcomponents\httpclient\4.3.6\httpclient-4.3.6.jar;C:\Users\D065085\.m2\repository\commons-logging\commons-logging\1.1.3\commons-logging-1.1.3.jar;C:\Users\D065085\.m2\repository\com\microsoft\azure\adal4j\1.0.0\adal4j-1.0.0.jar;C:\Users\D065085\.m2\repository\com\nimbusds\oauth2-oidc-sdk\4.5\oauth2-oidc-sdk-4.5.jar;C:\Users\D065085\.m2\repository\net\jcip\jcip-annotations\1.0\jcip-annotations-1.0.jar;C:\Users\D065085\.m2\repository\org\apache\commons\commons-lang3\3.3.1\commons-lang3-3.3.1.jar;C:\Users\D065085\.m2\repository\net\minidev\json-smart\1.1.1\json-smart-1.1.1.jar;C:\Users\D065085\.m2\repository\com\nimbusds\lang-tag\1.4\lang-tag-1.4.jar;C:\Users\D065085\.m2\repository\com\nimbusds\nimbus-jose-jwt\3.1.2\nimbus-jose-jwt-3.1.2.jar;C:\Users\D065085\.m2\repository\org\bouncycastle\bcprov-jdk15on\1.51\bcprov-jdk15on-1.51.jar;C:\Users\D065085\.m2\repository\com\google\code\gson\gson\2.2.4\gson-2.2.4.jar;"/>
    <property name="java.vm.vendor" value="Oracle Corporation"/>
    <property name="sun.arch.data.model" value="64"/>
    <property name="user.variant" value=""/>
    <property name="java.vendor.url" value="http://java.oracle.com/"/>
    <property name="user.timezone" value=""/>
    <property name="user.country.format" value="DE"/>
    <property name="java.vm.specification.version" value="1.8"/>
    <property name="os.name" value="Windows 10"/>
    <property name="user.country" value="US"/>
    <property name="sun.java.launcher" value="SUN_STANDARD"/>
    <property name="sun.boot.library.path" value="C:\Program Files\Java\jdk1.8.0_151\jre\bin"/>
    <property name="sun.java.command" value="C:\Users\D065085\AppData\Local\Temp\surefire2833074288070842124\surefirebooter3680192142270275149.jar C:\Users\D065085\AppData\Local\Temp\surefire2833074288070842124 2018-11-01T08-01-13_910-jvmRun1 surefire6676689305182139789tmp surefire_02966204063551593726tmp"/>
    <property name="surefire.test.class.path" value="C:\Users\D065085\workspace\AutoOntologyGen\target\test-classes;C:\Users\D065085\workspace\AutoOntologyGen\target\classes;C:\Users\D065085\.m2\repository\junit\junit\4.11\junit-4.11.jar;C:\Users\D065085\.m2\repository\org\hamcrest\hamcrest-core\1.3\hamcrest-core-1.3.jar;C:\Users\D065085\.m2\repository\net\sourceforge\owlapi\owlapi-distribution\5.1.0\owlapi-distribution-5.1.0.jar;C:\Users\D065085\.m2\repository\net\sourceforge\owlapi\owlapi-compatibility\5.1.0\owlapi-compatibility-5.1.0.jar;C:\Users\D065085\.m2\repository\net\sourceforge\owlapi\owlapi-apibinding\5.1.0\owlapi-apibinding-5.1.0.jar;C:\Users\D065085\.m2\repository\net\sourceforge\owlapi\owlapi-api\5.1.0\owlapi-api-5.1.0.jar;C:\Users\D065085\.m2\repository\net\sourceforge\owlapi\owlapi-impl\5.1.0\owlapi-impl-5.1.0.jar;C:\Users\D065085\.m2\repository\net\sourceforge\owlapi\owlapi-parsers\5.1.0\owlapi-parsers-5.1.0.jar;C:\Users\D065085\.m2\repository\net\sourceforge\owlapi\owlapi-oboformat\5.1.0\owlapi-oboformat-5.1.0.jar;C:\Users\D065085\.m2\repository\net\sourceforge\owlapi\owlapi-tools\5.1.0\owlapi-tools-5.1.0.jar;C:\Users\D065085\.m2\repository\net\sourceforge\owlapi\owlapi-rio\5.1.0\owlapi-rio-5.1.0.jar;C:\Users\D065085\.m2\repository\com\fasterxml\jackson\core\jackson-core\2.8.5\jackson-core-2.8.5.jar;C:\Users\D065085\.m2\repository\com\fasterxml\jackson\core\jackson-databind\2.8.5\jackson-databind-2.8.5.jar;C:\Users\D065085\.m2\repository\com\fasterxml\jackson\core\jackson-annotations\2.8.5\jackson-annotations-2.8.5.jar;C:\Users\D065085\.m2\repository\org\apache\commons\commons-rdf-api\0.3.0-incubating\commons-rdf-api-0.3.0-incubating.jar;C:\Users\D065085\.m2\repository\org\tukaani\xz\1.6\xz-1.6.jar;C:\Users\D065085\.m2\repository\org\slf4j\slf4j-api\1.7.22\slf4j-api-1.7.22.jar;C:\Users\D065085\.m2\repository\org\slf4j\jcl-over-slf4j\1.7.22\jcl-over-slf4j-1.7.22.jar;C:\Users\D065085\.m2\repository\org\eclipse\rdf4j\rdf4j-model\2.1.4\rdf4j-model-2.1.4.jar;C:\Users\D065085\.m2\repository\org\eclipse\rdf4j\rdf4j-rio-api\2.1.4\rdf4j-rio-api-2.1.4.jar;C:\Users\D065085\.m2\repository\org\eclipse\rdf4j\rdf4j-rio-languages\2.1.4\rdf4j-rio-languages-2.1.4.jar;C:\Users\D065085\.m2\repository\org\eclipse\rdf4j\rdf4j-rio-datatypes\2.1.4\rdf4j-rio-datatypes-2.1.4.jar;C:\Users\D065085\.m2\repository\org\eclipse\rdf4j\rdf4j-rio-binary\2.1.4\rdf4j-rio-binary-2.1.4.jar;C:\Users\D065085\.m2\repository\org\eclipse\rdf4j\rdf4j-rio-n3\2.1.4\rdf4j-rio-n3-2.1.4.jar;C:\Users\D065085\.m2\repository\org\eclipse\rdf4j\rdf4j-rio-nquads\2.1.4\rdf4j-rio-nquads-2.1.4.jar;C:\Users\D065085\.m2\repository\org\eclipse\rdf4j\rdf4j-rio-ntriples\2.1.4\rdf4j-rio-ntriples-2.1.4.jar;C:\Users\D065085\.m2\repository\org\eclipse\rdf4j\rdf4j-rio-rdfjson\2.1.4\rdf4j-rio-rdfjson-2.1.4.jar;C:\Users\D065085\.m2\repository\org\eclipse\rdf4j\rdf4j-rio-jsonld\2.1.4\rdf4j-rio-jsonld-2.1.4.jar;C:\Users\D065085\.m2\repository\org\eclipse\rdf4j\rdf4j-rio-rdfxml\2.1.4\rdf4j-rio-rdfxml-2.1.4.jar;C:\Users\D065085\.m2\repository\org\eclipse\rdf4j\rdf4j-rio-trix\2.1.4\rdf4j-rio-trix-2.1.4.jar;C:\Users\D065085\.m2\repository\org\eclipse\rdf4j\rdf4j-rio-turtle\2.1.4\rdf4j-rio-turtle-2.1.4.jar;C:\Users\D065085\.m2\repository\org\eclipse\rdf4j\rdf4j-rio-trig\2.1.4\rdf4j-rio-trig-2.1.4.jar;C:\Users\D065085\.m2\repository\org\eclipse\rdf4j\rdf4j-util\2.1.4\rdf4j-util-2.1.4.jar;C:\Users\D065085\.m2\repository\com\github\jsonld-java\jsonld-java\0.9.0\jsonld-java-0.9.0.jar;C:\Users\D065085\.m2\repository\org\apache\httpcomponents\httpclient-osgi\4.5.2\httpclient-osgi-4.5.2.jar;C:\Users\D065085\.m2\repository\org\apache\httpcomponents\httpmime\4.5.2\httpmime-4.5.2.jar;C:\Users\D065085\.m2\repository\org\apache\httpcomponents\httpclient-cache\4.5.2\httpclient-cache-4.5.2.jar;C:\Users\D065085\.m2\repository\org\apache\httpcomponents\fluent-hc\4.5.2\fluent-hc-4.5.2.jar;C:\Users\D065085\.m2\repository\org\apache\httpcomponents\httpcore-osgi\4.4.4\httpcore-osgi-4.4.4.jar;C:\Users\D065085\.m2\repository\org\apache\httpcomponents\httpcore\4.4.4\httpcore-4.4.4.jar;C:\Users\D065085\.m2\repository\org\apache\httpcomponents\httpcore-nio\4.4.4\httpcore-nio-4.4.4.jar;C:\Users\D065085\.m2\repository\net\sf\trove4j\trove4j\3.0.3\trove4j-3.0.3.jar;C:\Users\D065085\.m2\repository\com\github\ben-manes\caffeine\caffeine\2.3.5\caffeine-2.3.5.jar;C:\Users\D065085\.m2\repository\com\google\guava\guava\20.0\guava-20.0.jar;C:\Users\D065085\.m2\repository\com\google\inject\guice\4.1.0\guice-4.1.0.jar;C:\Users\D065085\.m2\repository\javax\inject\javax.inject\1\javax.inject-1.jar;C:\Users\D065085\.m2\repository\aopalliance\aopalliance\1.0\aopalliance-1.0.jar;C:\Users\D065085\.m2\repository\com\google\inject\extensions\guice-assistedinject\4.1.0\guice-assistedinject-4.1.0.jar;C:\Users\D065085\.m2\repository\com\google\inject\extensions\guice-multibindings\4.1.0\guice-multibindings-4.1.0.jar;C:\Users\D065085\.m2\repository\com\google\code\findbugs\jsr305\3.0.1\jsr305-3.0.1.jar;C:\Users\D065085\.m2\repository\commons-io\commons-io\2.5\commons-io-2.5.jar;C:\Users\D065085\.m2\repository\sap\corp\global\ResComInfModel\0.0.1-SNAPSHOT\ResComInfModel-0.0.1-SNAPSHOT.jar;C:\Users\D065085\.m2\repository\com\googlecode\json-simple\json-simple\1.1.1\json-simple-1.1.1.jar;C:\Users\D065085\.m2\repository\com\microsoft\sqlserver\mssql-jdbc\6.1.0.jre8\mssql-jdbc-6.1.0.jre8.jar;C:\Users\D065085\.m2\repository\com\microsoft\azure\azure-keyvault\0.9.3\azure-keyvault-0.9.3.jar;C:\Users\D065085\.m2\repository\com\microsoft\azure\azure-core\0.9.3\azure-core-0.9.3.jar;C:\Users\D065085\.m2\repository\commons-codec\commons-codec\1.10\commons-codec-1.10.jar;C:\Users\D065085\.m2\repository\commons-lang\commons-lang\2.6\commons-lang-2.6.jar;C:\Users\D065085\.m2\repository\javax\mail\mail\1.4.5\mail-1.4.5.jar;C:\Users\D065085\.m2\repository\javax\activation\activation\1.1\activation-1.1.jar;C:\Users\D065085\.m2\repository\com\sun\jersey\jersey-client\1.13\jersey-client-1.13.jar;C:\Users\D065085\.m2\repository\com\sun\jersey\jersey-core\1.13\jersey-core-1.13.jar;C:\Users\D065085\.m2\repository\com\sun\jersey\jersey-json\1.13\jersey-json-1.13.jar;C:\Users\D065085\.m2\repository\org\codehaus\jettison\jettison\1.1\jettison-1.1.jar;C:\Users\D065085\.m2\repository\stax\stax-api\1.0.1\stax-api-1.0.1.jar;C:\Users\D065085\.m2\repository\com\sun\xml\bind\jaxb-impl\2.2.3-1\jaxb-impl-2.2.3-1.jar;C:\Users\D065085\.m2\repository\javax\xml\bind\jaxb-api\2.2.2\jaxb-api-2.2.2.jar;C:\Users\D065085\.m2\repository\javax\xml\stream\stax-api\1.0-2\stax-api-1.0-2.jar;C:\Users\D065085\.m2\repository\org\codehaus\jackson\jackson-core-asl\1.9.2\jackson-core-asl-1.9.2.jar;C:\Users\D065085\.m2\repository\org\codehaus\jackson\jackson-mapper-asl\1.9.2\jackson-mapper-asl-1.9.2.jar;C:\Users\D065085\.m2\repository\org\codehaus\jackson\jackson-jaxrs\1.9.2\jackson-jaxrs-1.9.2.jar;C:\Users\D065085\.m2\repository\org\codehaus\jackson\jackson-xc\1.9.2\jackson-xc-1.9.2.jar;C:\Users\D065085\.m2\repository\org\apache\httpcomponents\httpclient\4.3.6\httpclient-4.3.6.jar;C:\Users\D065085\.m2\repository\commons-logging\commons-logging\1.1.3\commons-logging-1.1.3.jar;C:\Users\D065085\.m2\repository\com\microsoft\azure\adal4j\1.0.0\adal4j-1.0.0.jar;C:\Users\D065085\.m2\repository\com\nimbusds\oauth2-oidc-sdk\4.5\oauth2-oidc-sdk-4.5.jar;C:\Users\D065085\.m2\repository\net\jcip\jcip-annotations\1.0\jcip-annotations-1.0.jar;C:\Users\D065085\.m2\repository\org\apache\commons\commons-lang3\3.3.1\commons-lang3-3.3.1.jar;C:\Users\D065085\.m2\repository\net\minidev\json-smart\1.1.1\json-smart-1.1.1.jar;C:\Users\D065085\.m2\repository\com\nimbusds\lang-tag\1.4\lang-tag-1.4.jar;C:\Users\D065085\.m2\repository\com\nimbusds\nimbus-jose-jwt\3.1.2\nimbus-jose-jwt-3.1.2.jar;C:\Users\D065085\.m2\repository\org\bouncycastle\bcprov-jdk15on\1.51\bcprov-jdk15on-1.51.jar;C:\Users\D065085\.m2\repository\com\google\code\gson\gson\2.2.4\gson-2.2.4.jar;"/>
    <property name="sun.cpu.endian" value="little"/>
    <property name="user.home" value="C:\Users\D065085"/>
    <property name="user.language" value="en"/>
    <property name="java.specification.vendor" value="Oracle Corporation"/>
    <property name="java.home" value="C:\Program Files\Java\jdk1.8.0_151\jre"/>
    <property name="basedir" value="C:\Users\D065085\workspace\AutoOntologyGen"/>
    <property name="file.separator" value="\"/>
    <property name="line.separator" value="&#10;"/>
    <property name="java.vm.specification.vendor" value="Oracle Corporation"/>
    <property name="java.specification.name" value="Java Platform API Specification"/>
    <property name="java.awt.graphicsenv" value="sun.awt.Win32GraphicsEnvironment"/>
    <property name="surefire.real.class.path" value="C:\Users\D065085\AppData\Local\Temp\surefire2833074288070842124\surefirebooter3680192142270275149.jar"/>
    <property name="sun.boot.class.path" value="C:\Program Files\Java\jdk1.8.0_151\jre\lib\resources.jar;C:\Program Files\Java\jdk1.8.0_151\jre\lib\rt.jar;C:\Program Files\Java\jdk1.8.0_151\jre\lib\sunrsasign.jar;C:\Program Files\Java\jdk1.8.0_151\jre\lib\jsse.jar;C:\Program Files\Java\jdk1.8.0_151\jre\lib\jce.jar;C:\Program Files\Java\jdk1.8.0_151\jre\lib\charsets.jar;C:\Program Files\Java\jdk1.8.0_151\jre\lib\jfr.jar;C:\Program Files\Java\jdk1.8.0_151\jre\classes"/>
    <property name="user.script" value=""/>
    <property name="sun.management.compiler" value="HotSpot 64-Bit Tiered Compilers"/>
    <property name="java.runtime.version" value="1.8.0_151-b12"/>
    <property name="user.name" value="D065085"/>
    <property name="path.separator" value=";"/>
    <property name="os.version" value="10.0"/>
    <property name="java.endorsed.dirs" value="C:\Program Files\Java\jdk1.8.0_151\jre\lib\endorsed"/>
    <property name="java.runtime.name" value="Java(TM) SE Runtime Environment"/>
    <property name="file.encoding" value="Cp1252"/>
    <property name="java.vm.name" value="Java HotSpot(TM) 64-Bit Server VM"/>
    <property name="localRepository" value="C:\Users\D065085\.m2\repository"/>
    <property name="java.vendor.url.bug" value="http://bugreport.sun.com/bugreport/"/>
    <property name="java.io.tmpdir" value="C:\Users\D065085\AppData\Local\Temp\"/>
    <property name="java.version" value="1.8.0_151"/>
    <property name="user.dir" value="C:\Users\D065085\workspace\AutoOntologyGen"/>
    <property name="os.arch" value="amd64"/>
    <property name="java.vm.specification.name" value="Java Virtual Machine Specification"/>
    <property name="java.awt.printerjob" value="sun.awt.windows.WPrinterJob"/>
    <property name="user.language.format" value="de"/>
    <property name="sun.os.patch.level" value=""/>
    <property name="java.library.path" value="C:\Program Files\Java\jdk1.8.0_151\jre\bin;C:\WINDOWS\Sun\Java\bin;C:\WINDOWS\system32;C:\WINDOWS;C:/Program Files/Java/jre1.8.0_181/bin/server;C:/Program Files/Java/jre1.8.0_181/bin;C:/Program Files/Java/jre1.8.0_181/lib/amd64;c:\program files (x86)\common files\oracle\java\javapath;c:\windows\system32;c:\windows;c:\windows\system32\wbem;c:\program files\microsoft mpi\bin\;c:\app\client\d065085\product\12.1.0\client_1;c:\app\client\d065085\product\12.1.0\client_1\bin;c:\oraclexe\app\oracle\product\11.2.0\server\bin;c:\programdata\oracle\java\javapath;c:\windows\system32\windowspowershell\v1.0\;%userprofile%\.dnx\bin;c:\program files\microsoft dnx\dnvm\;c:\program files\microsoft sql server\130\tools\binn\;c:\program files\perforce;c:\program files (x86)\skype\phone\;c:\program files (x86)\microsoft sql server\130\tools\binn\;c:\program files (x86)\microsoft sql server\130\dts\binn\;c:\program files\microsoft sql server\130\dts\binn\;c:\program files\microsoft sql server\client sdk\odbc\130\tools\binn\;c:\program files (x86)\microsoft sql server\client sdk\odbc\130\tools\binn\;c:\program files (x86)\microsoft sql server\130\tools\binn\managementstudio\;c:\program files\putty\;c:\program files\dotnet\;c:\program files\miktex 2.9\miktex\bin\x64\;c:\program files\git\cmd;c:\program files\git\mingw64\bin;c:\program files\git\usr\bin;c:\users\d065085\desktop\currentwork\sap\sparql\apache-jena-3.4.0\lib\;C:\Program Files\Perforce\Server;C:\Users\D065085\AppData\Local\Microsoft\WindowsApps;C:\Users\D065085\Desktop\CurrentWork\Java\apache-ant-1.10.1/bin;C:\Program Files\Java\jdk1.8.0_151\bin;C:\Program Files\Java\jre1.8.0_151\bin;C:\Users\D065085\AppData\Local\Programs\Fiddler;C:\Program Files\apache-maven-3.5.4\bin;C:\SAPDevelop\Java\eclipse;;."/>
    <property name="java.vm.info" value="mixed mode"/>
    <property name="java.vendor" value="Oracle Corporation"/>
    <property name="java.vm.version" value="25.151-b12"/>
    <property name="java.ext.dirs" value="C:\Program Files\Java\jdk1.8.0_151\jre\lib\ext;C:\WINDOWS\Sun\Java\lib\ext"/>
    <property name="sun.io.unicode.encoding" value="UnicodeLittle"/>
    <property name="java.class.version" value="52.0"/>
  </properties>
  <testcase name="shouldAnswerWithTrue" classname="sap.corp.emea.OWLAPI_test.AppTest" time="0.004"/>
</testsuite>